<?xml version="1.0" encoding="UTF-8"?>
<robot generator="Robot 5.0 (Python 3.8.2 on darwin)" generated="20220428 02:00:31.472" rpa="false" schemaversion="3">
<suite id="s1" name="Explore" source="/Users/fahidkhan/Desktop/fiversity/Testing/Explore.robot">
<test id="s1-t1" name="This Test Cases Takes the explore page as screenshot when the data has been fetched" line="12">
<kw name="Open Browser" library="Selenium2Library">
<arg>${WEBSITE URL}/PlacesToSee</arg>
<arg>${BROWSER}</arg>
<doc>Opens a new browser instance to the optional ``url``.</doc>
<msg timestamp="20220428 02:00:31.641" level="INFO">Opening browser 'Chrome' to base url 'https://fiversity.vercel.app/PlacesToSee'.</msg>
<status status="PASS" starttime="20220428 02:00:31.640" endtime="20220428 02:00:33.757"/>
</kw>
<kw name="Wait Until Element Is Visible" library="Selenium2Library">
<arg>xpath:/html/body/div</arg>
<arg>timeout=${Page}</arg>
<doc>Waits until the element ``locator`` is visible.</doc>
<status status="PASS" starttime="20220428 02:00:33.758" endtime="20220428 02:00:33.784"/>
</kw>
<kw name="Sleep" library="BuiltIn">
<arg>5</arg>
<doc>Pauses the test executed for the given time.</doc>
<msg timestamp="20220428 02:00:38.786" level="INFO">Slept 5 seconds</msg>
<status status="PASS" starttime="20220428 02:00:33.785" endtime="20220428 02:00:38.786"/>
</kw>
<kw name="Capture Page Screenshot" library="Selenium2Library">
<arg>filename=selenium-screenshot-placestosee.png</arg>
<doc>Takes a screenshot of the current page and embeds it into a log file.</doc>
<msg timestamp="20220428 02:00:39.013" level="INFO" html="true">&lt;/td&gt;&lt;/tr&gt;&lt;tr&gt;&lt;td colspan="3"&gt;&lt;a href="selenium-screenshot-placestosee.png"&gt;&lt;img src="selenium-screenshot-placestosee.png" width="800px"&gt;&lt;/a&gt;</msg>
<status status="PASS" starttime="20220428 02:00:38.787" endtime="20220428 02:00:39.014"/>
</kw>
<kw name="Close Browser" library="Selenium2Library" type="TEARDOWN">
<doc>Closes the current browser.</doc>
<status status="PASS" starttime="20220428 02:00:39.014" endtime="20220428 02:00:39.098"/>
</kw>
<status status="PASS" starttime="20220428 02:00:31.639" endtime="20220428 02:00:39.098"/>
</test>
<doc>This test script will test the about page component existence and page latency</doc>
<status status="PASS" starttime="20220428 02:00:31.474" endtime="20220428 02:00:39.099"/>
</suite>
<statistics>
<total>
<stat pass="1" fail="0" skip="0">All Tests</stat>
</total>
<tag>
</tag>
<suite>
<stat pass="1" fail="0" skip="0" id="s1" name="Explore">Explore</stat>
</suite>
</statistics>
<errors>
</errors>
</robot>
